<?xml version="1.0" encoding="UTF-8"?>
<testsuite xmlns:xsi="http://www.w3.org/2001/XMLSchema-instance" xsi:noNamespaceSchemaLocation="https://maven.apache.org/surefire/maven-surefire-plugin/xsd/surefire-test-report.xsd" name="com.epam.Calc.AppTest" time="0.094" tests="4" errors="0" skipped="0" failures="0">
  <properties>
[...]
</properties>
  <testcase name="check_multiplication" classname="com.epam.Calc.AppTest" time="0.003"/>
  <testcase name="check_addition" classname="com.epam.Calc.AppTest" time="0"/>
  <testcase name="check_subtraction" classname="com.epam.Calc.AppTest" time="0"/>
  <testcase name="check_division" classname="com.epam.Calc.AppTest" time="0"/>
</testsuite>